<?xml version="1.0" encoding="UTF-8"?>
<!-- Generated by org.testng.reporters.JUnitXMLReporter -->
<testsuite ignored="0" hostname="DESKTOP-3PLUTEV" failures="0" tests="2" name="Default test" time="0.043" errors="0" timestamp="2022-03-03T13:24:18 IST">
  <testcase classname="m_flipcart.tests" name="@BeforeTest launchBrowser" time="-1.646294058027E9">
    <failure type="org.testng.TestNGException" message="
Parameter &amp;apos;browser&amp;apos; is required by BeforeTest on method launchBrowser but has not been marked @Optional or defined
in C:\Users\suraj\AppData\Local\Temp\testng-eclipse-445570429\testng-customsuite.xml">
      <![CDATA[org.testng.TestNGException: 
Parameter 'browser' is required by BeforeTest on method launchBrowser but has not been marked @Optional or defined
in C:\Users\suraj\AppData\Local\Temp\testng-eclipse-445570429\testng-customsuite.xml
at org.testng.internal.Parameters.createParams(Parameters.java:270)
at org.testng.internal.Parameters.createParametersForMethod(Parameters.java:358)
at org.testng.internal.Parameters.createParameters(Parameters.java:700)
at org.testng.internal.Parameters.createConfigurationParameters(Parameters.java:168)
at org.testng.internal.ConfigInvoker.invokeConfigurations(ConfigInvoker.java:302)
at org.testng.TestRunner.invokeTestConfigurations(TestRunner.java:637)
at org.testng.TestRunner.beforeRun(TestRunner.java:627)
at org.testng.TestRunner.run(TestRunner.java:589)
at org.testng.SuiteRunner.runTest(SuiteRunner.java:377)
at org.testng.SuiteRunner.runSequentially(SuiteRunner.java:371)
at org.testng.SuiteRunner.privateRun(SuiteRunner.java:332)
at org.testng.SuiteRunner.run(SuiteRunner.java:276)
at org.testng.SuiteRunnerWorker.runSuite(SuiteRunnerWorker.java:53)
at org.testng.SuiteRunnerWorker.run(SuiteRunnerWorker.java:96)
at org.testng.TestNG.runSuitesSequentially(TestNG.java:1212)
at org.testng.TestNG.runSuitesLocally(TestNG.java:1134)
at org.testng.TestNG.runSuites(TestNG.java:1063)
at org.testng.TestNG.run(TestNG.java:1031)
at org.testng.remote.AbstractRemoteTestNG.run(AbstractRemoteTestNG.java:115)
at org.testng.remote.RemoteTestNG.initAndRun(RemoteTestNG.java:251)
at org.testng.remote.RemoteTestNG.main(RemoteTestNG.java:77)
]]>
    </failure>
  </testcase> <!-- @BeforeTest launchBrowser -->
  <testcase classname="m_flipcart.tests" name="@BeforeClass launchBrowser" time="-1.646294058044E9">
    <skipped/>
  </testcase> <!-- @BeforeClass launchBrowser -->
  <testcase classname="m_flipcart.tests" name="@BeforeMethod logInApplication" time="-1.646294058052E9">
    <skipped/>
  </testcase> <!-- @BeforeMethod logInApplication -->
  <testcase classname="m_flipcart.tests" name="@AfterMethod logout" time="-1.646294058057E9">
    <skipped/>
  </testcase> <!-- @AfterMethod logout -->
  <testcase classname="m_flipcart.tests" name="@BeforeMethod logInApplication" time="-1.646294058058E9">
    <skipped/>
  </testcase> <!-- @BeforeMethod logInApplication -->
  <testcase classname="m_flipcart.tests" name="@AfterMethod logout" time="-1.646294058062E9">
    <skipped/>
  </testcase> <!-- @AfterMethod logout -->
  <testcase classname="m_flipcart.tests" name="@AfterClass closeBrowser" time="-1.646294058063E9">
    <skipped/>
  </testcase> <!-- @AfterClass closeBrowser -->
  <testcase classname="m_flipcart.tests" name="addDelete" time="0.0">
    <skipped/>
  </testcase> <!-- addDelete -->
  <testcase classname="m_flipcart.tests" name="remove" time="0.0">
    <skipped/>
  </testcase> <!-- remove -->
</testsuite> <!-- Default test -->
